  pch.cpp
  Гамильтонов граф.cpp
c:\users\asus x507m\desktop\шк\инфа\11 класс\гамильтонов граф\гамильтонов граф\гамильтонов граф.cpp(26): error C2062: тип "int" не требуется
c:\users\asus x507m\desktop\шк\инфа\11 класс\гамильтонов граф\гамильтонов граф\гамильтонов граф.cpp(26): error C2065: k: необъявленный идентификатор
c:\users\asus x507m\desktop\шк\инфа\11 класс\гамильтонов граф\гамильтонов граф\гамильтонов граф.cpp(26): error C2059: синтаксическая ошибка: )
c:\users\asus x507m\desktop\шк\инфа\11 класс\гамильтонов граф\гамильтонов граф\гамильтонов граф.cpp(27): error C2065: k: необъявленный идентификатор
c:\users\asus x507m\desktop\шк\инфа\11 класс\гамильтонов граф\гамильтонов граф\гамильтонов граф.cpp(27): error C2660: std::swap: функция не принимает 1 аргументов
  c:\program files (x86)\microsoft visual studio\2017\community\vc\tools\msvc\14.15.26726\include\exception(316): note:  см. объявление "std::swap"
c:\users\asus x507m\desktop\шк\инфа\11 класс\гамильтонов граф\гамильтонов граф\гамильтонов граф.cpp(27): error C2059: синтаксическая ошибка: ;
c:\users\asus x507m\desktop\шк\инфа\11 класс\гамильтонов граф\гамильтонов граф\гамильтонов граф.cpp(31): error C2059: синтаксическая ошибка: for
c:\users\asus x507m\desktop\шк\инфа\11 класс\гамильтонов граф\гамильтонов граф\гамильтонов граф.cpp(31): error C2143: синтаксическая ошибка: отсутствие ")" перед ";"
c:\users\asus x507m\desktop\шк\инфа\11 класс\гамильтонов граф\гамильтонов граф\гамильтонов граф.cpp(31): error C2143: синтаксическая ошибка: отсутствие ";" перед "<"
c:\users\asus x507m\desktop\шк\инфа\11 класс\гамильтонов граф\гамильтонов граф\гамильтонов граф.cpp(31): error C4430: отсутствует спецификатор типа - предполагается int. Примечание. C++ не поддерживает int по умолчанию
c:\users\asus x507m\desktop\шк\инфа\11 класс\гамильтонов граф\гамильтонов граф\гамильтонов граф.cpp(31): error C2143: синтаксическая ошибка: отсутствие ";" перед "++"
c:\users\asus x507m\desktop\шк\инфа\11 класс\гамильтонов граф\гамильтонов граф\гамильтонов граф.cpp(31): error C2086: int q: переопределение
  c:\users\asus x507m\desktop\шк\инфа\11 класс\гамильтонов граф\гамильтонов граф\гамильтонов граф.cpp(31): note:  см. объявление "q"
c:\users\asus x507m\desktop\шк\инфа\11 класс\гамильтонов граф\гамильтонов граф\гамильтонов граф.cpp(31): error C2059: синтаксическая ошибка: )
c:\users\asus x507m\desktop\шк\инфа\11 класс\гамильтонов граф\гамильтонов граф\гамильтонов граф.cpp(33): error C2059: синтаксическая ошибка: }
c:\users\asus x507m\desktop\шк\инфа\11 класс\гамильтонов граф\гамильтонов граф\гамильтонов граф.cpp(33): error C2143: синтаксическая ошибка: отсутствие ";" перед "}"
c:\users\asus x507m\desktop\шк\инфа\11 класс\гамильтонов граф\гамильтонов граф\гамильтонов граф.cpp(36): error C2143: синтаксическая ошибка: отсутствие ";" перед "{"
c:\users\asus x507m\desktop\шк\инфа\11 класс\гамильтонов граф\гамильтонов граф\гамильтонов граф.cpp(36): error C2447: {: отсутствует заголовок функции (возможно, используется формальный список старого типа)
